{"body":"{\r\n    \"name\":\"ca--1\",\r\n}","expose":true,"level":"error","message":"ERROR 💥 Expected double-quoted property name in JSON at position 24 (line 3 column 1)","service":"backend-service","stack":"SyntaxError: Expected double-quoted property name in JSON at position 24 (line 3 column 1)\n    at JSON.parse (<anonymous>)\n    at parse (D:\\MRDCO\\backend\\node_modules\\body-parser\\lib\\types\\json.js:74:19)\n    at D:\\MRDCO\\backend\\node_modules\\body-parser\\lib\\read.js:163:18\n    at AsyncResource.runInAsyncScope (node:async_hooks:214:14)\n    at invokeCallback (D:\\MRDCO\\backend\\node_modules\\raw-body\\index.js:238:16)\n    at done (D:\\MRDCO\\backend\\node_modules\\raw-body\\index.js:227:7)\n    at IncomingMessage.onEnd (D:\\MRDCO\\backend\\node_modules\\raw-body\\index.js:287:7)\n    at IncomingMessage.emit (node:events:508:28)\n    at endReadableNT (node:internal/streams/readable:1701:12)\n    at process.processTicksAndRejections (node:internal/process/task_queues:89:21)","status":400,"statusCode":400,"timestamp":"2026-01-06 15:51:22","type":"entity.parse.failed"}
{"_message":"Validation failed","errors":{"password":{"kind":"required","message":"Path `password` is required.","name":"ValidatorError","path":"password","properties":{"fullPath":"password","length":0,"message":"Path `password` is required.","path":"password","type":"required","value":""},"value":""}},"level":"error","message":"ERROR 💥 Validation failed: password: Path `password` is required.","service":"backend-service","stack":"ValidationError: Validation failed: password: Path `password` is required.\n    at updateValidators (D:\\MRDCO\\backend\\node_modules\\mongoose\\lib\\helpers\\updateValidators.js:186:17)\n    at process.processTicksAndRejections (node:internal/process/task_queues:103:5)\n    at async model.Query.validate (D:\\MRDCO\\backend\\node_modules\\mongoose\\lib\\query.js:4130:5)\n    at async model.Query._findOneAndUpdate (D:\\MRDCO\\backend\\node_modules\\mongoose\\lib\\query.js:3540:5)\n    at async model.Query.exec (D:\\MRDCO\\backend\\node_modules\\mongoose\\lib\\query.js:4637:63)\n    at async D:\\MRDCO\\backend\\controller\\caController.js:27:16","status":"error","statusCode":500,"timestamp":"2026-01-06 17:24:49"}
{"_message":"Validation failed","errors":{"password":{"kind":"required","message":"Path `password` is required.","name":"ValidatorError","path":"password","properties":{"fullPath":"password","length":0,"message":"Path `password` is required.","path":"password","type":"required","value":""},"value":""}},"level":"error","message":"ERROR 💥 Validation failed: password: Path `password` is required.","service":"backend-service","stack":"ValidationError: Validation failed: password: Path `password` is required.\n    at updateValidators (D:\\MRDCO\\backend\\node_modules\\mongoose\\lib\\helpers\\updateValidators.js:186:17)\n    at process.processTicksAndRejections (node:internal/process/task_queues:103:5)\n    at async model.Query.validate (D:\\MRDCO\\backend\\node_modules\\mongoose\\lib\\query.js:4130:5)\n    at async model.Query._findOneAndUpdate (D:\\MRDCO\\backend\\node_modules\\mongoose\\lib\\query.js:3540:5)\n    at async model.Query.exec (D:\\MRDCO\\backend\\node_modules\\mongoose\\lib\\query.js:4637:63)\n    at async D:\\MRDCO\\backend\\controller\\caController.js:27:16","status":"error","statusCode":500,"timestamp":"2026-01-06 17:24:51"}
{"_message":"Validation failed","errors":{"password":{"kind":"required","message":"Path `password` is required.","name":"ValidatorError","path":"password","properties":{"fullPath":"password","length":0,"message":"Path `password` is required.","path":"password","type":"required","value":""},"value":""}},"level":"error","message":"ERROR 💥 Validation failed: password: Path `password` is required.","service":"backend-service","stack":"ValidationError: Validation failed: password: Path `password` is required.\n    at updateValidators (D:\\MRDCO\\backend\\node_modules\\mongoose\\lib\\helpers\\updateValidators.js:186:17)\n    at process.processTicksAndRejections (node:internal/process/task_queues:103:5)\n    at async model.Query.validate (D:\\MRDCO\\backend\\node_modules\\mongoose\\lib\\query.js:4130:5)\n    at async model.Query._findOneAndUpdate (D:\\MRDCO\\backend\\node_modules\\mongoose\\lib\\query.js:3540:5)\n    at async model.Query.exec (D:\\MRDCO\\backend\\node_modules\\mongoose\\lib\\query.js:4637:63)\n    at async D:\\MRDCO\\backend\\controller\\caController.js:27:16","status":"error","statusCode":500,"timestamp":"2026-01-06 17:25:15"}
{"_message":"Validation failed","errors":{"password":{"kind":"required","message":"Path `password` is required.","name":"ValidatorError","path":"password","properties":{"fullPath":"password","length":0,"message":"Path `password` is required.","path":"password","type":"required","value":""},"value":""}},"level":"error","message":"ERROR 💥 Validation failed: password: Path `password` is required.","service":"backend-service","stack":"ValidationError: Validation failed: password: Path `password` is required.\n    at updateValidators (D:\\MRDCO\\backend\\node_modules\\mongoose\\lib\\helpers\\updateValidators.js:186:17)\n    at process.processTicksAndRejections (node:internal/process/task_queues:103:5)\n    at async model.Query.validate (D:\\MRDCO\\backend\\node_modules\\mongoose\\lib\\query.js:4130:5)\n    at async model.Query._findOneAndUpdate (D:\\MRDCO\\backend\\node_modules\\mongoose\\lib\\query.js:3540:5)\n    at async model.Query.exec (D:\\MRDCO\\backend\\node_modules\\mongoose\\lib\\query.js:4637:63)\n    at async D:\\MRDCO\\backend\\controller\\caController.js:27:16","status":"error","statusCode":500,"timestamp":"2026-01-06 17:29:44"}
{"level":"error","message":"ERROR 💥 next is not a function","service":"backend-service","stack":"TypeError: next is not a function\n    at model.<anonymous> (D:\\MRDCO\\backend\\models\\User.js:29:5)\n    at async Kareem.execPre (D:\\MRDCO\\backend\\node_modules\\kareem\\index.js:65:24)\n    at async model.$__save (D:\\MRDCO\\backend\\node_modules\\mongoose\\lib\\model.js:369:5)\n    at async model.save (D:\\MRDCO\\backend\\node_modules\\mongoose\\lib\\model.js:609:5)\n    at async D:\\MRDCO\\backend\\node_modules\\mongoose\\lib\\model.js:2714:9\n    at async Promise.all (index 0)\n    at async model.create (D:\\MRDCO\\backend\\node_modules\\mongoose\\lib\\model.js:2699:11)\n    at async D:\\MRDCO\\backend\\controller\\caController.js:8:16","status":"error","statusCode":500,"timestamp":"2026-01-07 17:52:22"}
[17:57:15] ERROR  TypeError: next is not a function
    at model.<anonymous> (D:\MRDCO\backend\models\User.js:29:5)
    at async Kareem.execPre (D:\MRDCO\backend\node_modules\kareem\index.js:65:24)
    at async model.$__save (D:\MRDCO\backend\node_modules\mongoose\lib\model.js:369:5)
    at async model.save (D:\MRDCO\backend\node_modules\mongoose\lib\model.js:609:5)
    at async D:\MRDCO\backend\node_modules\mongoose\lib\model.js:2714:9
    at async Promise.all (index 0)
    at async model.create (D:\MRDCO\backend\node_modules\mongoose\lib\model.js:2699:11)
    at async D:\MRDCO\backend\controller\caController.js:8:16
[17:57:20] ERROR  TypeError: next is not a function
    at model.<anonymous> (D:\MRDCO\backend\models\User.js:29:5)
    at async Kareem.execPre (D:\MRDCO\backend\node_modules\kareem\index.js:65:24)
    at async model.$__save (D:\MRDCO\backend\node_modules\mongoose\lib\model.js:369:5)
    at async model.save (D:\MRDCO\backend\node_modules\mongoose\lib\model.js:609:5)
    at async D:\MRDCO\backend\node_modules\mongoose\lib\model.js:2714:9
    at async Promise.all (index 0)
    at async model.create (D:\MRDCO\backend\node_modules\mongoose\lib\model.js:2699:11)
    at async D:\MRDCO\backend\controller\caController.js:8:16
[17:58:04] ERROR  TypeError: next is not a function
    at model.<anonymous> (D:\MRDCO\backend\models\User.js:29:5)
    at async Kareem.execPre (D:\MRDCO\backend\node_modules\kareem\index.js:65:24)
    at async model.$__save (D:\MRDCO\backend\node_modules\mongoose\lib\model.js:369:5)
    at async model.save (D:\MRDCO\backend\node_modules\mongoose\lib\model.js:609:5)
    at async D:\MRDCO\backend\node_modules\mongoose\lib\model.js:2714:9
    at async Promise.all (index 0)
    at async model.create (D:\MRDCO\backend\node_modules\mongoose\lib\model.js:2699:11)
    at async D:\MRDCO\backend\controller\caController.js:8:16
{"level":"error","message":"❌ Database connection error: Authentication failed against database server at `ep-still-brook-an8pqwpg-pooler.c-6.us-east-1.aws.neon.tech`, the provided database credentials for `(not available)` are not valid.\n\nPlease make sure to provide valid database credentials for the database server at `ep-still-brook-an8pqwpg-pooler.c-6.us-east-1.aws.neon.tech`.","timestamp":"2026-05-02 17:43:20:4320"}
{"level":"error","message":"Google Auth Error: \nInvalid `prisma.user.findUnique()` invocation in\nC:\\Users\\HP\\Downloads\\2\\MRDCO-Prarthana\\mycafiles_backend\\controller\\authController.js:567:38\n\n  564 const { email, name } = googleUser.data;\n  565 \n  566 // Find or create user\n→ 567 let user = await prisma.user.findUnique(\nAuthentication failed against database server at `ep-still-brook-an8pqwpg-pooler.c-6.us-east-1.aws.neon.tech`, the provided database credentials for `(not available)` are not valid.\n\nPlease make sure to provide valid database credentials for the database server at `ep-still-brook-an8pqwpg-pooler.c-6.us-east-1.aws.neon.tech`.","timestamp":"2026-05-02 17:43:41:4341"}
{"level":"error","message":"❌ Database connection error: Authentication failed against database server at `ep-still-brook-an8pqwpg-pooler.c-6.us-east-1.aws.neon.tech`, the provided database credentials for `(not available)` are not valid.\n\nPlease make sure to provide valid database credentials for the database server at `ep-still-brook-an8pqwpg-pooler.c-6.us-east-1.aws.neon.tech`.","timestamp":"2026-05-02 17:44:47:4447"}
{"level":"error","message":"❌ Database connection error: Authentication failed against database server at `ep-still-brook-an8pqwpg-pooler.c-6.us-east-1.aws.neon.tech`, the provided database credentials for `(not available)` are not valid.\n\nPlease make sure to provide valid database credentials for the database server at `ep-still-brook-an8pqwpg-pooler.c-6.us-east-1.aws.neon.tech`.","timestamp":"2026-05-02 17:59:02:592"}
{"level":"error","message":"❌ Database connection error: Authentication failed against database server at `ep-still-brook-an8pqwpg-pooler.c-6.us-east-1.aws.neon.tech`, the provided database credentials for `(not available)` are not valid.\n\nPlease make sure to provide valid database credentials for the database server at `ep-still-brook-an8pqwpg-pooler.c-6.us-east-1.aws.neon.tech`.","timestamp":"2026-05-02 17:59:09:599"}
{"level":"error","message":"❌ Database connection error: Authentication failed against database server at `ep-still-brook-an8pqwpg-pooler.c-6.us-east-1.aws.neon.tech`, the provided database credentials for `(not available)` are not valid.\n\nPlease make sure to provide valid database credentials for the database server at `ep-still-brook-an8pqwpg-pooler.c-6.us-east-1.aws.neon.tech`.","timestamp":"2026-05-02 17:59:30:5930"}
{"level":"error","message":"❌ Database connection error: Can't reach database server at `ep-still-brook-an8pqwpg-pooler.c-6.us-east-1.aws.neon.tech:5432`\n\nPlease make sure your database server is running at `ep-still-brook-an8pqwpg-pooler.c-6.us-east-1.aws.neon.tech:5432`.","timestamp":"2026-05-02 18:07:17:717"}
{"level":"error","message":"❌ Database connection error: Authentication failed against database server at `ep-still-brook-an8pqwpg-pooler.c-6.us-east-1.aws.neon.tech`, the provided database credentials for `(not available)` are not valid.\n\nPlease make sure to provide valid database credentials for the database server at `ep-still-brook-an8pqwpg-pooler.c-6.us-east-1.aws.neon.tech`.","timestamp":"2026-05-02 18:07:33:733"}
{"level":"error","message":"❌ Database connection error: Can't reach database server at `ep-solitary-voice-anskamc7-pooler.c-6.us-east-1.aws.neon.tech:5432`\n\nPlease make sure your database server is running at `ep-solitary-voice-anskamc7-pooler.c-6.us-east-1.aws.neon.tech:5432`.","timestamp":"2026-05-02 18:49:46:4946"}
